[ StellarAddressManager:createDatas() ]
	account_id = g4FcNaR8fSKx4yqX8BoVVToGd7VEmezuzA ; master_seed = s3ELMzcqZBikSxfQAaV9V3qickVRKTr9rgh6tCJSgtdfYAZUHBh

[ StellarAddressManager:createDatas() ]
	account_id = gUAx5DLXTGxdYxTpdx96wj78Vxv5eJfAuk ; master_seed = s3sB3nhHXYgYhVajfYzXKwDS9zaK2ZqvvtowEcHNBk3M8WPAapD

[ StellarAddressManager:createDatas() ]
	account_id = gUisCFSzt4toofQpGuyyn3hWsVScEfbdr4 ; master_seed = s3ocZLrZ8Qs42FMWwuDTCc3fdYWGLEjLxizyoym19GbBAkigcS9

[ StellarAddressManager:createDatas() ]
	account_id = gt44tKaUFWah6VeFGdbwbM5bq5K3zf7HY ; master_seed = s3vM77MZkHhzCRWBn8k2rQ2D36ZdYxMd1tc5PfbJdpEGdM2jTNo

[ StellarAddressManager:createDatas() ]
	account_id = gN6brrzwru9LkdEJ5MXLmZnLzVrKi7CcbM ; master_seed = sfjHFgTEcLrVcovC4vLJEk2pk8EmGiNXyfxUuRwntg3so1q9ugr

[ StellarAddressManager:createDatas() ]
	account_id = gN347RAA1Kd8PLQstMUuiMkFdqxuzD6KS5 ; master_seed = s35jiSVhxVa4W8n9KasLaMueGRnaszdyEj3fDAjYrtNXk5Z53F4

[ StellarAddressManager:createDatas() ]
	account_id = gfoVfq7SknpQmJ5XXnDVK2gy6UE87kNyZf ; master_seed = sftsZ67mHQ5tyfQE7uwohx4hBBM9kg5dB7rDTuvrFbSGufyFePK

[ StellarAddressManager:createDatas() ]
	account_id = gnU7a1KrZUvMEZRj6ickmcwNmRWjze1C1y ; master_seed = sfuuzh82yRnDgikzXhrrN9qMdJouFpVFDHJxmJJKeMqFwys6QwQ

[ StellarAddressManager:createDatas() ]
	account_id = gh2a5RQ86tAhpFYKpJoKRMeBnHVq2YbFJY ; master_seed = s3pbRyxoAHtmzRjKSAYUjDPsSvL6TZ8vSoueSK4iiCnQkBTbYqY

[ StellarAddressManager:createDatas() ]
	account_id = gPDJRmCP7ujwzyt75WrmE4vsM46UN5NaTV ; master_seed = sf2R8Rzwy7VudrzVBXJ4xkBV7fJQj7h3PMAwKEHPTfZZWagKfmU

[ StellarAddressManager:createDatas() ]
	account_id = gJFbBSfm3S1Ka7QjBBNn5CAqmvez8eRNQY ; master_seed = sfARn1YQYiizimQMe4C6SDk4Lhrr6qnFEQDCDFpDQVauhM4iG8Y

[ StellarAddressManager:createDatas() ]
	account_id = gNVJcDVQ2JbvG5ngkMbJsLJT3TzA7QEiKt ; master_seed = sfRYMiSVY4Sv8RGXUjZvUbkz1Arp7oiVYzkY7kxneTef29YTMPA

[ StellarAddressManager:createDatas() ]
	account_id = g3pWLey6GbE2Dc7v4L5QyNtTJVoiX6kNBe ; master_seed = s3XxJ8AxDTf3GmADkgqnkpTpUq7zKQ1ry37NMNo6qXyxqvDLYMC

[ StellarAddressManager:createDatas() ]
	account_id = gDk41Kg3XKmehMC1sPVpfUUkDvUxRjwa9s ; master_seed = sf2ibSxh8uiuuXYbS7bNhoiAJF5mJpv3agvT7cL3wDDeBBE7ZST

[ StellarAddressManager:createDatas() ]
	account_id = gMRrzbenVbbMXWqoQ1fdBbByXef31firx ; master_seed = s3avQ55zRJg2tPoVEqp6dTpAMCkRFnjriGVcY6zndCDPCxYfw4X

[ StellarAddressManager:createDatas() ]
	account_id = g4MUgfJjQrnrrFntLnqEpME4Zmq9Ho1sct ; master_seed = sfDowT1Kk5iFhNzMAGJ4HBX2nZEk43VpXZccnNrKPrGfMZ46GGs

[ StellarAddressManager:createDatas() ]
	account_id = gUhgBCpXJJmdEaSDxxea2mhx5HoXgK8vDi ; master_seed = s3YMcQzteg1PYJp5ksT9Fy5XG1XpfJ8mhjHAmo2erqeknj2o82y

[ StellarAddressManager:createDatas() ]
	account_id = gUxgJrRdzy1Rgvt4HPC9CTRLJWnpsQ5gnr ; master_seed = sfLsvekaEY58ExqcKLUPP4qo7Z3MDc2gG5WPptmLXAsNJbyj6DR

[ StellarAddressManager:createDatas() ]
	account_id = ghSHUe1M8wbmqmxPjXeCy68EYwUtynmtXg ; master_seed = s3WvDY73jGwFPHm51hDnd3hssJpQufcHskodi6NwC2BKndDV2qG

[ StellarAddressManager:createDatas() ]
	account_id = gD9TwJMg6bp7k78UbAJtq47CL4pHXNuipQ ; master_seed = s3ur1zRkG1NXt9Pp1tMCGtUMSmAaPjnSp1MpmHEnEoHi4k23Maq

[ StellarAddressManager:createDatas() ]
	account_id = g4EuJxg89kDA6bPeP8Yz5S2BP6aNR3Pya8 ; master_seed = s38qGELjuukKSgsEybDucmNxBr6fUoF7JSNiCXXruwdEpY3TRxK

[ StellarAddressManager:createDatas() ]
	account_id = gDGUNv3j8hCGV4FWgv8a6eb2ev52VgRRJn ; master_seed = sfFLazgoqMk9PgjnPcTnRpTJNUmRR1xV2XrUC2VYLp3pKnPnA3W

[ StellarAddressManager:createDatas() ]
	account_id = gJQigMNDRo1gotfSKGBh9Q1gkNzjB5pQmN ; master_seed = sf6U4qVtFnwweRYziDyrXUxbuuWk6h7X6YvhNwpiWyQhD7CQR3q

[ StellarAddressManager:createDatas() ]
	account_id = gwkkjrjTW3wiTGKonPFijiuNeXCU8eZy8T ; master_seed = s3mFi5PnD2kj5vnxNdVq3nW4LxSosc1Cd7CPkx7fJHAhBZ6ZmB4

[ StellarAddressManager:createDatas() ]
	account_id = gHLuSkRqPrSmknhd3GiJtPFKevRnbFPeG5 ; master_seed = sfdtRh33tkym7ai18YFLYnUqzxGEwBVSHfdng2kJSV83KpJJ5De

[ StellarAddressManager:createDatas() ]
	account_id = g3q4YF7sJ4QkSgn1RteqSg9jPJnum1wdz4 ; master_seed = s3eMc8cSn6CjzUwJiGjWujYaDh7rMEGREZUt9156DoyneWtutm3

[ StellarAddressManager:createDatas() ]
	account_id = g9Ch6Eanf9UKXCLsoT6afKgxyVtLUvMoTE ; master_seed = sfZ8Lqwnb9csH4qRbCdACDtyoi8JXNAHW7xGUsaZhGXbREgWut7

[ StellarAddressManager:createDatas() ]
	account_id = g35q6JKTXhS6q7uafuTCWDjmez5n3XzPA ; master_seed = sfzXNDmCQL3U5rFz65N5cnCMDKKrf4tM7HHcSYdxgcduKkQ2FVt

[ StellarAddressManager:createDatas() ]
	account_id = gwtsJRWeThqFBzK9EQMqKLvimGNt6ArUZ2 ; master_seed = sf72rPYsNAfD57M5bS3oD7BoiFHQdiY5UeohRAu5cgk79am4Hcc

[ StellarAddressManager:createDatas() ]
	account_id = gKRwPdMcRxqAAjjbUehhc4ThYGXs25rL8k ; master_seed = sfGBd8zNMXyLo6cDe7ECn5paRC7FvZNjvScxAJ2gDRwvXqHdAFE

